<?xml version="1.0" encoding="UTF-8"?>
<testng-results ignored="0" total="1" passed="1" failed="0" skipped="0">
  <reporter-output>
    <line>
      <![CDATA[Please Follow the Automation principles]]>
    </line>
  </reporter-output>
  <suite started-at="2026-06-04T10:55:59 IST" name="Default suite" finished-at="2026-06-04T10:56:00 IST" duration-ms="56">
    <groups>
    </groups>
    <test started-at="2026-06-04T10:55:59 IST" name="Default test" finished-at="2026-06-04T10:56:00 IST" duration-ms="56">
      <class name="AdminModule.FinaleScript">
        <test-method signature="main()[pri:0, instance:AdminModule.FinaleScript@60bd273d]" started-at="2026-06-04T10:56:00 IST" name="main" finished-at="2026-06-04T10:56:00 IST" duration-ms="10" status="PASS">
          <reporter-output>
            <line>
              <![CDATA[Please Follow the Automation principles]]>
            </line>
          </reporter-output>
        </test-method> <!-- main -->
      </class> <!-- AdminModule.FinaleScript -->
    </test> <!-- Default test -->
  </suite> <!-- Default suite -->
</testng-results>
