<?xml version="1.0" encoding="UTF-8"?>
<!-- Generated by org.testng.reporters.JUnitReportReporter -->
<testsuite hostname="Admin" failures="0" tests="1" name="AdminModule.FinaleScript" time="0.010" errors="0" timestamp="2026-06-04T10:56:00 IST" skipped="0">
  <testcase classname="AdminModule.FinaleScript" name="main" time="0.010">
    <system-out>
      <![CDATA[Please Follow the Automation principles]]>
    </system-out>
  </testcase> <!-- main -->
  <system-out>
    <![CDATA[Please Follow the Automation principles]]>
  </system-out>
</testsuite> <!-- AdminModule.FinaleScript -->
